 *pygbag 0.9.3*

Serving python files from [/Users/nicholashughes/Documents/BOKEMON-SWARM/build/web]

with no security/performance in mind, i'm just a test tool : don't rely on me


SUMMARY
________________________

# the app folder
app_folder=/Users/nicholashughes/Documents/BOKEMON-SWARM

# artefacts directory
build_dir=/Users/nicholashughes/Documents/BOKEMON-SWARM/build/web

# cache directory
cache=/Users/nicholashughes/Documents/BOKEMON-SWARM/build/web-cache

# the window title and icon name
app_name=bokemon-swarm

# package name, better make it unique
package=web.pygame.BOKEMON-SWARM-1780355091

# icons:  96x96 for desktop, 16x16 for web
icon=favicon.png

# js/wasm provider
cdn=https://pygame-web.github.io/cdn/0.9.3/

now packing application ....


WARNING: No pygbag.ini found! See: https://pygame-web.github.io/wiki/pygbag-configuration
Ignored dirs: []
Ignored files: []
Now in /
     /run_with_log.py
     /custom.tmpl
     /loading_screen.py
     /debug_report.json
     /tiktok_scraper.py
     /constants.py
     /generate_sprites.py
     /debug_overlay.py
     /sprite_mcp_assessor.py
     /README.md
     /generate_state_champions.py
     /debug_web.py
     /sacred_voxel.py
     /pygbag.toml
     /main.py
     /sacred_audio.py
Now in /game
     /game/asylum.py
     /game/meme_factory.py
     /game/world.py
     /game/colosseum.py
     /game/tutorial.py
     /game/ui.py
     /game/__init__.py
     /game/hyperculture.py
     /game/player.py
     /game/hazed_hollow.py
     /game/seraphim.py
     /game/battle.py
Now in /data
     /data/states_and_countries.json
Now in /assets/sprites
     /assets/sprites/ZACH_WILLIAMS_90.png
     /assets/sprites/GAARET_LEISTER_90.png
     /assets/sprites/WATCHER_AZAZEL_0.png
     /assets/sprites/KILO_270.png
     /assets/sprites/GAARET_LEISTER_270.png
     /assets/sprites/HAZEION_90.png
     /assets/sprites/EDISON_SHADE_90.png
     /assets/sprites/CARSON_CHRIST_270.png
     /assets/sprites/ANDREW_ESTMORLAND_180.png
     /assets/sprites/ANDREW_ESTMORLAND_0.png
     /assets/sprites/EDISON_SHADE_180.png
     /assets/sprites/J.P._MORGAN_WRAITH_270.png
     /assets/sprites/B-GOLDEN_270.png
     /assets/sprites/ELI_180.png
     /assets/sprites/WATCHER_AZAZEL_180.png
     /assets/sprites/ZACH_WILLIAMS_0.png
     /assets/sprites/KILO_90.png
     /assets/sprites/RILEY_BLACKBURN_270.png
     /assets/sprites/B-GOLDEN_90.png
     /assets/sprites/ZACH_WILLIAMS_270.png
     /assets/sprites/RILEY_BLACKBURN_0.png
     /assets/sprites/EDISON_SHADE_0.png
     /assets/sprites/J.P._MORGAN_WRAITH_0.png
     /assets/sprites/GAARET_LEISTER_0.png
     /assets/sprites/MAKINDRAN_270.png
     /assets/sprites/MAKINDRAN_90.png
     /assets/sprites/NIKOLA_TESLA_180.png
     /assets/sprites/CARSON_CHRIST_90.png
     /assets/sprites/HAZEION_270.png
     /assets/sprites/MAKINDRAN_0.png
     /assets/sprites/EDISON_SHADE_270.png
     /assets/sprites/CARSON_CHRIST_180.png
     /assets/sprites/ANDREW_ESTMORLAND_270.png
     /assets/sprites/J.P._MORGAN_WRAITH_180.png
     /assets/sprites/B-GOLDEN_180.png
     /assets/sprites/ELI_0.png
     /assets/sprites/J.P._MORGAN_WRAITH_90.png
     /assets/sprites/WATCHER_AZAZEL_90.png
     /assets/sprites/GAARET_LEISTER_180.png
     /assets/sprites/KILO_180.png
     /assets/sprites/MAKINDRAN_180.png
     /assets/sprites/RILEY_BLACKBURN_90.png
     /assets/sprites/KILO_0.png
     /assets/sprites/HAZEION_180.png
     /assets/sprites/NIKOLA_TESLA_90.png
     /assets/sprites/ANDREW_ESTMORLAND_90.png
     /assets/sprites/NIKOLA_TESLA_270.png
     /assets/sprites/B-GOLDEN_0.png
     /assets/sprites/HAZEION_0.png
     /assets/sprites/ELI_270.png
     /assets/sprites/WATCHER_AZAZEL_270.png
     /assets/sprites/ZACH_WILLIAMS_180.png
     /assets/sprites/CARSON_CHRIST_0.png
     /assets/sprites/RILEY_BLACKBURN_180.png
     /assets/sprites/NIKOLA_TESLA_0.png
     /assets/sprites/ELI_90.png
	/Users/nicholashughes/Documents/BOKEMON-SWARM : run_with_log.py
	/Users/nicholashughes/Documents/BOKEMON-SWARM : custom.tmpl
	/Users/nicholashughes/Documents/BOKEMON-SWARM : loading_screen.py
	/Users/nicholashughes/Documents/BOKEMON-SWARM : debug_report.json
	/Users/nicholashughes/Documents/BOKEMON-SWARM : tiktok_scraper.py
	/Users/nicholashughes/Documents/BOKEMON-SWARM : constants.py
	/Users/nicholashughes/Documents/BOKEMON-SWARM : generate_sprites.py
	/Users/nicholashughes/Documents/BOKEMON-SWARM : debug_overlay.py
	/Users/nicholashughes/Documents/BOKEMON-SWARM : sprite_mcp_assessor.py
	/Users/nicholashughes/Documents/BOKEMON-SWARM : README.md
	/Users/nicholashughes/Documents/BOKEMON-SWARM : generate_state_champions.py
	/Users/nicholashughes/Documents/BOKEMON-SWARM : debug_web.py
	/Users/nicholashughes/Documents/BOKEMON-SWARM : sacred_voxel.py
	/Users/nicholashughes/Documents/BOKEMON-SWARM : pygbag.toml
	/Users/nicholashughes/Documents/BOKEMON-SWARM : main.py
	/Users/nicholashughes/Documents/BOKEMON-SWARM : sacred_audio.py
	/Users/nicholashughes/Documents/BOKEMON-SWARM : game/asylum.py
	/Users/nicholashughes/Documents/BOKEMON-SWARM : game/meme_factory.py
	/Users/nicholashughes/Documents/BOKEMON-SWARM : game/world.py
	/Users/nicholashughes/Documents/BOKEMON-SWARM : game/colosseum.py
	/Users/nicholashughes/Documents/BOKEMON-SWARM : game/tutorial.py
	/Users/nicholashughes/Documents/BOKEMON-SWARM : game/ui.py
	/Users/nicholashughes/Documents/BOKEMON-SWARM : game/__init__.py
	/Users/nicholashughes/Documents/BOKEMON-SWARM : game/hyperculture.py
	/Users/nicholashughes/Documents/BOKEMON-SWARM : game/player.py
	/Users/nicholashughes/Documents/BOKEMON-SWARM : game/hazed_hollow.py
	/Users/nicholashughes/Documents/BOKEMON-SWARM : game/seraphim.py
	/Users/nicholashughes/Documents/BOKEMON-SWARM : game/battle.py
	/Users/nicholashughes/Documents/BOKEMON-SWARM : data/states_and_countries.json
	/Users/nicholashughes/Documents/BOKEMON-SWARM : assets/sprites/ZACH_WILLIAMS_90.png
	/Users/nicholashughes/Documents/BOKEMON-SWARM : assets/sprites/GAARET_LEISTER_90.png
	/Users/nicholashughes/Documents/BOKEMON-SWARM : assets/sprites/WATCHER_AZAZEL_0.png
	/Users/nicholashughes/Documents/BOKEMON-SWARM : assets/sprites/KILO_270.png
	/Users/nicholashughes/Documents/BOKEMON-SWARM : assets/sprites/GAARET_LEISTER_270.png
	/Users/nicholashughes/Documents/BOKEMON-SWARM : assets/sprites/HAZEION_90.png
	/Users/nicholashughes/Documents/BOKEMON-SWARM : assets/sprites/EDISON_SHADE_90.png
	/Users/nicholashughes/Documents/BOKEMON-SWARM : assets/sprites/CARSON_CHRIST_270.png
	/Users/nicholashughes/Documents/BOKEMON-SWARM : assets/sprites/ANDREW_ESTMORLAND_180.png
	/Users/nicholashughes/Documents/BOKEMON-SWARM : assets/sprites/ANDREW_ESTMORLAND_0.png
	/Users/nicholashughes/Documents/BOKEMON-SWARM : assets/sprites/EDISON_SHADE_180.png
	/Users/nicholashughes/Documents/BOKEMON-SWARM : assets/sprites/J.P._MORGAN_WRAITH_270.png
	/Users/nicholashughes/Documents/BOKEMON-SWARM : assets/sprites/B-GOLDEN_270.png
	/Users/nicholashughes/Documents/BOKEMON-SWARM : assets/sprites/ELI_180.png
	/Users/nicholashughes/Documents/BOKEMON-SWARM : assets/sprites/WATCHER_AZAZEL_180.png
	/Users/nicholashughes/Documents/BOKEMON-SWARM : assets/sprites/ZACH_WILLIAMS_0.png
	/Users/nicholashughes/Documents/BOKEMON-SWARM : assets/sprites/KILO_90.png
	/Users/nicholashughes/Documents/BOKEMON-SWARM : assets/sprites/RILEY_BLACKBURN_270.png
	/Users/nicholashughes/Documents/BOKEMON-SWARM : assets/sprites/B-GOLDEN_90.png
	/Users/nicholashughes/Documents/BOKEMON-SWARM : assets/sprites/ZACH_WILLIAMS_270.png
	/Users/nicholashughes/Documents/BOKEMON-SWARM : assets/sprites/RILEY_BLACKBURN_0.png
	/Users/nicholashughes/Documents/BOKEMON-SWARM : assets/sprites/EDISON_SHADE_0.png
	/Users/nicholashughes/Documents/BOKEMON-SWARM : assets/sprites/J.P._MORGAN_WRAITH_0.png
	/Users/nicholashughes/Documents/BOKEMON-SWARM : assets/sprites/GAARET_LEISTER_0.png
	/Users/nicholashughes/Documents/BOKEMON-SWARM : assets/sprites/MAKINDRAN_270.png
	/Users/nicholashughes/Documents/BOKEMON-SWARM : assets/sprites/MAKINDRAN_90.png
	/Users/nicholashughes/Documents/BOKEMON-SWARM : assets/sprites/NIKOLA_TESLA_180.png
	/Users/nicholashughes/Documents/BOKEMON-SWARM : assets/sprites/CARSON_CHRIST_90.png
	/Users/nicholashughes/Documents/BOKEMON-SWARM : assets/sprites/HAZEION_270.png
	/Users/nicholashughes/Documents/BOKEMON-SWARM : assets/sprites/MAKINDRAN_0.png
	/Users/nicholashughes/Documents/BOKEMON-SWARM : assets/sprites/EDISON_SHADE_270.png
	/Users/nicholashughes/Documents/BOKEMON-SWARM : assets/sprites/CARSON_CHRIST_180.png
	/Users/nicholashughes/Documents/BOKEMON-SWARM : assets/sprites/ANDREW_ESTMORLAND_270.png
	/Users/nicholashughes/Documents/BOKEMON-SWARM : assets/sprites/J.P._MORGAN_WRAITH_180.png
	/Users/nicholashughes/Documents/BOKEMON-SWARM : assets/sprites/B-GOLDEN_180.png
	/Users/nicholashughes/Documents/BOKEMON-SWARM : assets/sprites/ELI_0.png
	/Users/nicholashughes/Documents/BOKEMON-SWARM : assets/sprites/J.P._MORGAN_WRAITH_90.png
	/Users/nicholashughes/Documents/BOKEMON-SWARM : assets/sprites/WATCHER_AZAZEL_90.png
	/Users/nicholashughes/Documents/BOKEMON-SWARM : assets/sprites/GAARET_LEISTER_180.png
	/Users/nicholashughes/Documents/BOKEMON-SWARM : assets/sprites/KILO_180.png
	/Users/nicholashughes/Documents/BOKEMON-SWARM : assets/sprites/MAKINDRAN_180.png
	/Users/nicholashughes/Documents/BOKEMON-SWARM : assets/sprites/RILEY_BLACKBURN_90.png
	/Users/nicholashughes/Documents/BOKEMON-SWARM : assets/sprites/KILO_0.png
	/Users/nicholashughes/Documents/BOKEMON-SWARM : assets/sprites/HAZEION_180.png
	/Users/nicholashughes/Documents/BOKEMON-SWARM : assets/sprites/NIKOLA_TESLA_90.png
	/Users/nicholashughes/Documents/BOKEMON-SWARM : assets/sprites/ANDREW_ESTMORLAND_90.png
	/Users/nicholashughes/Documents/BOKEMON-SWARM : assets/sprites/NIKOLA_TESLA_270.png
	/Users/nicholashughes/Documents/BOKEMON-SWARM : assets/sprites/B-GOLDEN_0.png
	/Users/nicholashughes/Documents/BOKEMON-SWARM : assets/sprites/HAZEION_0.png
	/Users/nicholashughes/Documents/BOKEMON-SWARM : assets/sprites/ELI_270.png
	/Users/nicholashughes/Documents/BOKEMON-SWARM : assets/sprites/WATCHER_AZAZEL_270.png
	/Users/nicholashughes/Documents/BOKEMON-SWARM : assets/sprites/ZACH_WILLIAMS_180.png
	/Users/nicholashughes/Documents/BOKEMON-SWARM : assets/sprites/CARSON_CHRIST_0.png
	/Users/nicholashughes/Documents/BOKEMON-SWARM : assets/sprites/RILEY_BLACKBURN_180.png
	/Users/nicholashughes/Documents/BOKEMON-SWARM : assets/sprites/NIKOLA_TESLA_0.png
	/Users/nicholashughes/Documents/BOKEMON-SWARM : assets/sprites/ELI_90.png
	/Users/nicholashughes/Documents/BOKEMON-SWARM : run_with_log.py
	/Users/nicholashughes/Documents/BOKEMON-SWARM : custom.tmpl
	/Users/nicholashughes/Documents/BOKEMON-SWARM : loading_screen.py
	/Users/nicholashughes/Documents/BOKEMON-SWARM : debug_report.json
	/Users/nicholashughes/Documents/BOKEMON-SWARM : tiktok_scraper.py
	/Users/nicholashughes/Documents/BOKEMON-SWARM : constants.py
	/Users/nicholashughes/Documents/BOKEMON-SWARM : generate_sprites.py
	/Users/nicholashughes/Documents/BOKEMON-SWARM : debug_overlay.py
	/Users/nicholashughes/Documents/BOKEMON-SWARM : sprite_mcp_assessor.py
	/Users/nicholashughes/Documents/BOKEMON-SWARM : README.md
	/Users/nicholashughes/Documents/BOKEMON-SWARM : generate_state_champions.py
	/Users/nicholashughes/Documents/BOKEMON-SWARM : debug_web.py
	/Users/nicholashughes/Documents/BOKEMON-SWARM : sacred_voxel.py
	/Users/nicholashughes/Documents/BOKEMON-SWARM : pygbag.toml
	/Users/nicholashughes/Documents/BOKEMON-SWARM : main.py
	/Users/nicholashughes/Documents/BOKEMON-SWARM : sacred_audio.py
	/Users/nicholashughes/Documents/BOKEMON-SWARM : game/asylum.py
	/Users/nicholashughes/Documents/BOKEMON-SWARM : game/meme_factory.py
	/Users/nicholashughes/Documents/BOKEMON-SWARM : game/world.py
	/Users/nicholashughes/Documents/BOKEMON-SWARM : game/colosseum.py
	/Users/nicholashughes/Documents/BOKEMON-SWARM : game/tutorial.py
	/Users/nicholashughes/Documents/BOKEMON-SWARM : game/ui.py
	/Users/nicholashughes/Documents/BOKEMON-SWARM : game/__init__.py
	/Users/nicholashughes/Documents/BOKEMON-SWARM : game/hyperculture.py
	/Users/nicholashughes/Documents/BOKEMON-SWARM : game/player.py
	/Users/nicholashughes/Documents/BOKEMON-SWARM : game/hazed_hollow.py
	/Users/nicholashughes/Documents/BOKEMON-SWARM : game/seraphim.py
	/Users/nicholashughes/Documents/BOKEMON-SWARM : game/battle.py
	/Users/nicholashughes/Documents/BOKEMON-SWARM : data/states_and_countries.json
	/Users/nicholashughes/Documents/BOKEMON-SWARM : assets/sprites/ZACH_WILLIAMS_90.png
	/Users/nicholashughes/Documents/BOKEMON-SWARM : assets/sprites/GAARET_LEISTER_90.png
	/Users/nicholashughes/Documents/BOKEMON-SWARM : assets/sprites/WATCHER_AZAZEL_0.png
	/Users/nicholashughes/Documents/BOKEMON-SWARM : assets/sprites/KILO_270.png
	/Users/nicholashughes/Documents/BOKEMON-SWARM : assets/sprites/GAARET_LEISTER_270.png
	/Users/nicholashughes/Documents/BOKEMON-SWARM : assets/sprites/HAZEION_90.png
	/Users/nicholashughes/Documents/BOKEMON-SWARM : assets/sprites/EDISON_SHADE_90.png
	/Users/nicholashughes/Documents/BOKEMON-SWARM : assets/sprites/CARSON_CHRIST_270.png
	/Users/nicholashughes/Documents/BOKEMON-SWARM : assets/sprites/ANDREW_ESTMORLAND_180.png
	/Users/nicholashughes/Documents/BOKEMON-SWARM : assets/sprites/ANDREW_ESTMORLAND_0.png
	/Users/nicholashughes/Documents/BOKEMON-SWARM : assets/sprites/EDISON_SHADE_180.png
	/Users/nicholashughes/Documents/BOKEMON-SWARM : assets/sprites/J.P._MORGAN_WRAITH_270.png
	/Users/nicholashughes/Documents/BOKEMON-SWARM : assets/sprites/B-GOLDEN_270.png
	/Users/nicholashughes/Documents/BOKEMON-SWARM : assets/sprites/ELI_180.png
	/Users/nicholashughes/Documents/BOKEMON-SWARM : assets/sprites/WATCHER_AZAZEL_180.png
	/Users/nicholashughes/Documents/BOKEMON-SWARM : assets/sprites/ZACH_WILLIAMS_0.png
	/Users/nicholashughes/Documents/BOKEMON-SWARM : assets/sprites/KILO_90.png
	/Users/nicholashughes/Documents/BOKEMON-SWARM : assets/sprites/RILEY_BLACKBURN_270.png
	/Users/nicholashughes/Documents/BOKEMON-SWARM : assets/sprites/B-GOLDEN_90.png
	/Users/nicholashughes/Documents/BOKEMON-SWARM : assets/sprites/ZACH_WILLIAMS_270.png
	/Users/nicholashughes/Documents/BOKEMON-SWARM : assets/sprites/RILEY_BLACKBURN_0.png
	/Users/nicholashughes/Documents/BOKEMON-SWARM : assets/sprites/EDISON_SHADE_0.png
	/Users/nicholashughes/Documents/BOKEMON-SWARM : assets/sprites/J.P._MORGAN_WRAITH_0.png
	/Users/nicholashughes/Documents/BOKEMON-SWARM : assets/sprites/GAARET_LEISTER_0.png
	/Users/nicholashughes/Documents/BOKEMON-SWARM : assets/sprites/MAKINDRAN_270.png
	/Users/nicholashughes/Documents/BOKEMON-SWARM : assets/sprites/MAKINDRAN_90.png
	/Users/nicholashughes/Documents/BOKEMON-SWARM : assets/sprites/NIKOLA_TESLA_180.png
	/Users/nicholashughes/Documents/BOKEMON-SWARM : assets/sprites/CARSON_CHRIST_90.png
	/Users/nicholashughes/Documents/BOKEMON-SWARM : assets/sprites/HAZEION_270.png
	/Users/nicholashughes/Documents/BOKEMON-SWARM : assets/sprites/MAKINDRAN_0.png
	/Users/nicholashughes/Documents/BOKEMON-SWARM : assets/sprites/EDISON_SHADE_270.png
	/Users/nicholashughes/Documents/BOKEMON-SWARM : assets/sprites/CARSON_CHRIST_180.png
	/Users/nicholashughes/Documents/BOKEMON-SWARM : assets/sprites/ANDREW_ESTMORLAND_270.png
	/Users/nicholashughes/Documents/BOKEMON-SWARM : assets/sprites/J.P._MORGAN_WRAITH_180.png
	/Users/nicholashughes/Documents/BOKEMON-SWARM : assets/sprites/B-GOLDEN_180.png
	/Users/nicholashughes/Documents/BOKEMON-SWARM : assets/sprites/ELI_0.png
	/Users/nicholashughes/Documents/BOKEMON-SWARM : assets/sprites/J.P._MORGAN_WRAITH_90.png
	/Users/nicholashughes/Documents/BOKEMON-SWARM : assets/sprites/WATCHER_AZAZEL_90.png
	/Users/nicholashughes/Documents/BOKEMON-SWARM : assets/sprites/GAARET_LEISTER_180.png
	/Users/nicholashughes/Documents/BOKEMON-SWARM : assets/sprites/KILO_180.png
	/Users/nicholashughes/Documents/BOKEMON-SWARM : assets/sprites/MAKINDRAN_180.png
	/Users/nicholashughes/Documents/BOKEMON-SWARM : assets/sprites/RILEY_BLACKBURN_90.png
	/Users/nicholashughes/Documents/BOKEMON-SWARM : assets/sprites/KILO_0.png
	/Users/nicholashughes/Documents/BOKEMON-SWARM : assets/sprites/HAZEION_180.png
	/Users/nicholashughes/Documents/BOKEMON-SWARM : assets/sprites/NIKOLA_TESLA_90.png
	/Users/nicholashughes/Documents/BOKEMON-SWARM : assets/sprites/ANDREW_ESTMORLAND_90.png
	/Users/nicholashughes/Documents/BOKEMON-SWARM : assets/sprites/NIKOLA_TESLA_270.png
WARNING: wasm mimetype unsupported on that system, trying to correct
