2026-06-04 16:21:56 | INFO | JOHN MILK PROTOCOL INITIALIZED
2026-06-04 16:21:56 | INFO | Carrier lock: 11.71875 Hz
2026-06-04 16:21:56 | INFO | Timestamp: 2026-06-04T16:21:56.219255
2026-06-04 16:21:56 | INFO | Starting Playwright browser test...
2026-06-04 16:22:00 | INFO | Navigating to https://john09289.github.io/BOKEMON-SWARM
2026-06-04 16:22:00 | INFO | Page loaded: bokemon-swarm
2026-06-04 16:22:00 | INFO | Waiting for canvas element (up to 20 seconds)...
2026-06-04 16:22:00 | INFO | Canvas found after 1 seconds! Count: 2
2026-06-04 16:22:00 | INFO | Console errors: 0
2026-06-04 16:22:00 | INFO | Console warnings: 4
2026-06-04 16:22:01 | INFO | Screenshot saved: john_milk_screenshot.png
2026-06-04 16:22:01 | INFO | Final status: ALL_SYSTEMS_GO
2026-06-04 16:22:01 | INFO | Report saved to john_milk_report.json

============================================================
JOHN MILK PROTOCOL - PHASE 2 COMPLETE
============================================================
Status: ALL_SYSTEMS_GO
Canvas found: True
Console errors: 0
Screenshot: john_milk_screenshot.png
============================================================
