2026-06-04 15:57:55 | INFO | JOHN MILK PROTOCOL INITIALIZED
2026-06-04 15:57:55 | INFO | Carrier lock: 11.71875 Hz
2026-06-04 15:57:55 | INFO | Timestamp: 2026-06-04T15:57:55.713500
2026-06-04 15:57:55 | INFO | Constants loaded. Carrier: 11.71875 Hz
2026-06-04 15:57:55 | INFO | Carrier lock verified: 11.71875 Hz
/Users/nicholashughes/Library/Python/3.9/lib/python/site-packages/pygame/pkgdata.py:25: UserWarning: pkg_resources is deprecated as an API. See https://setuptools.pypa.io/en/latest/pkg_resources.html. The pkg_resources package is slated for removal as early as 2025-11-30. Refrain from using this package or pin to Setuptools<81.
  from pkg_resources import resource_stream, resource_exists
pygame 2.6.1 (SDL 2.28.4, Python 3.9.6)
Hello from the pygame community. https://www.pygame.org/contribute.html
2026-06-04 15:57:56 | INFO | Generated 60 sprites
2026-06-04 15:57:56 | INFO | Heidi sprites found: ['HEIDI ANDERSON CHRIST_0', 'HEIDI ANDERSON CHRIST_90', 'HEIDI ANDERSON CHRIST_180', 'HEIDI ANDERSON CHRIST_270']
2026-06-04 15:57:56 | INFO | All Heidi sprites generated (4 angles)
2026-06-04 15:57:56 | INFO | Audio engine initialized
2026-06-04 15:57:56 | INFO | Total Seraphim in roster: 40
2026-06-04 15:57:56 | INFO | Heidi loaded: HEIDI ANDERSON CHRIST, Level 28, Fighting/Fairy
2026-06-04 15:57:56 | INFO | Heidi moves: ['Bavarian Backflip', "Spotter's Catch", "Lover's Embrace", '4\'11" Fury', 'Du, mein Schatz']
2026-06-04 15:57:56 | INFO | Gymnast's Hollow location found: Gymnast's Hollow
2026-06-04 15:57:56 | INFO | Battle system initialized with 1 allies
2026-06-04 15:57:56 | INFO | Battle system test: PASS
2026-06-04 15:57:56 | INFO | ==================================================
2026-06-04 15:57:56 | INFO | JOHN MILK PROTOCOL PHASE 1 COMPLETE
2026-06-04 15:57:56 | INFO | All systems verified. Ready for browser test.
2026-06-04 15:57:56 | INFO | ==================================================
