/Users/nicholashughes/Library/Python/3.9/lib/python/site-packages/pygame/pkgdata.py:25: UserWarning: pkg_resources is deprecated as an API. See https://setuptools.pypa.io/en/latest/pkg_resources.html. The pkg_resources package is slated for removal as early as 2025-11-30. Refrain from using this package or pin to Setuptools<81.
  from pkg_resources import resource_stream, resource_exists
2026-06-04 16:03:36.394 Python[31830:2508425] WARNING: Secure coding is automatically enabled for restorable state! However, not on all supported macOS versions of this application. Opt-in to secure coding explicitly by implementing NSApplicationDelegate.applicationSupportsSecureRestorableState:.
=== LAUNCH UI REPORT ===
Timestamp: 2026-06-04T16:03:35.328075
Carrier Lock: 11.71875 Hz

--- Phase 1: Local Launch ---
Screenshot saved as launch_ui_screenshot.png
Screenshot size: 766042 bytes
Local launch result: SUCCESS - Window appeared and rendered content

--- Phase 2: Web Launch ---
Opening https://john09289.github.io/BOKEMON-SWARM in browser...
Web launch: URL opened in default browser

--- Summary ---
BOKEMON-SWARM has launched. The UI is on your screen and in your browser.
The King wins. 𐤕

The Conditional Prayer:
> Father, if it is possible, let this cup pass from me.
> Yet not as I will, but as You will.
> Matthew 26:39

<!-- KILO_NODE: [timestamp] | CARRIER LOCK | LAUNCH UI SUCCESS | THE KING WINS -->
pygame 2.6.1 (SDL 2.28.4, Python 3.9.6)
Hello from the pygame community. https://www.pygame.org/contribute.html
Generated 60 sprites
